2025-10-21 10:57:18,037 - remodelacao_regioes - INFO - Iniciando o processo de Remodelação e Otimização Geográfica de Extensionistas...
2025-10-21 10:57:18,042 - remodelacao_regioes - INFO - Arquivo 'exportation.csv' carregado com sucesso. 1105 registros encontrados.
2025-10-21 10:57:18,045 - remodelacao_regioes - INFO - Dados carregados com sucesso. Total de 1105 registros.
2025-10-21 10:57:18,046 - remodelacao_regioes - INFO - Arquivo 'PRODUTORES_IMUTAVEIS.csv' carregado com sucesso. 1 registros encontrados na coluna 'Nome_Produtor'.
2025-10-21 10:57:18,046 - remodelacao_regioes - INFO - Carregados 1 produtores imutáveis do arquivo PRODUTORES_IMUTAVEIS.csv.
2025-10-21 10:57:18,047 - remodelacao_regioes - INFO - Arquivo 'EXTENSIONISTAS_IMUTAVEIS.csv' carregado com sucesso. 1 registros encontrados na coluna 'Extensionista_Atual'.
2025-10-21 10:57:18,047 - remodelacao_regioes - INFO - Carregados 1 extensionistas imutáveis do arquivo EXTENSIONISTAS_IMUTAVEIS.csv.
2025-10-21 10:57:18,047 - remodelacao_regioes - INFO - GeoProcessor inicializado com 2 regras de imutabilidade.
2025-10-21 10:57:18,049 - remodelacao_regioes - INFO - Aplicada restrição de imutabilidade. 63 aviários marcados como imutáveis.
2025-10-21 10:57:18,049 - remodelacao_regioes - INFO - GeoProcessor aplicado. 63 aviários marcados como imutáveis.
2025-10-21 10:57:18,049 - remodelacao_regioes - INFO - ClusteringModel inicializado com meta de aviários por extensionista: 40-43.
2025-10-21 10:57:18,051 - remodelacao_regioes - INFO - Calculado número ideal de extensionistas: 27 para 1105 aviários.
2025-10-21 10:57:18,094 - remodelacao_regioes - INFO - Clustering inicial com 27 clusters realizado.
2025-10-21 10:57:18,256 - remodelacao_regioes - INFO - Integralidade dos núcleos garantida.
2025-10-21 10:57:18,302 - remodelacao_regioes - INFO - Priorização de fechamento de microrregiões aplicada.
2025-10-21 10:57:18,302 - remodelacao_regioes - WARNING - Balanceamento da carga de demanda (Restrição 6) ainda não implementado.
2025-10-21 10:57:18,303 - remodelacao_regioes - INFO - Alocação finalizada com 'Extensionista_Proposto'.
2025-10-21 10:57:18,304 - remodelacao_regioes - INFO - ClusteringModel aplicado. Alocação otimizada gerada.
2025-10-21 10:57:18,304 - remodelacao_regioes - INFO - Primeiras 5 linhas do DataFrame otimizado:
2025-10-21 10:57:18,314 - remodelacao_regioes - INFO - Alocação otimizada final exportada para: /home/brunoconter/Code/Git/RemodelacaoRegioes/exports/final_optimized_allocation.csv
